-------------------------------------------------------------------------------
Test set: com.example.tests.AllTests
-------------------------------------------------------------------------------
Tests run: 5, Failures: 0, Errors: 4, Skipped: 0, Time elapsed: 11.51 sec <<< FAILURE! - in com.example.tests.AllTests
testLoginOk(com.example.tests.LoginOk)  Time elapsed: 0.119 sec  <<< ERROR!
java.lang.IllegalStateException: The driver executable does not exist: C:\usr\bin\chromedriver
	at com.google.common.base.Preconditions.checkState(Preconditions.java:518)
	at org.openqa.selenium.remote.service.DriverService.checkExecutable(DriverService.java:136)
	at org.openqa.selenium.remote.service.DriverService.findExecutable(DriverService.java:131)
	at org.openqa.selenium.chrome.ChromeDriverService.access$000(ChromeDriverService.java:32)
	at org.openqa.selenium.chrome.ChromeDriverService$Builder.findDefaultExecutable(ChromeDriverService.java:137)
	at org.openqa.selenium.remote.service.DriverService$Builder.build(DriverService.java:330)
	at org.openqa.selenium.chrome.ChromeDriverService.createDefaultService(ChromeDriverService.java:88)
	at org.openqa.selenium.chrome.ChromeDriver.<init>(ChromeDriver.java:124)
	at com.example.tests.LoginOk.setUp(LoginOk.java:33)

testLoginOk(com.example.tests.LoginOk)  Time elapsed: 0.119 sec  <<< ERROR!
java.lang.NullPointerException: null
	at com.example.tests.LoginOk.tearDown(LoginOk.java:68)

testRegistroKOyaExiste(com.example.tests.RegistroKOyaExiste)  Time elapsed: 0 sec  <<< ERROR!
java.lang.IllegalStateException: The driver executable does not exist: C:\usr\bin\chromedriver
	at com.google.common.base.Preconditions.checkState(Preconditions.java:518)
	at org.openqa.selenium.remote.service.DriverService.checkExecutable(DriverService.java:136)
	at org.openqa.selenium.remote.service.DriverService.findExecutable(DriverService.java:131)
	at org.openqa.selenium.chrome.ChromeDriverService.access$000(ChromeDriverService.java:32)
	at org.openqa.selenium.chrome.ChromeDriverService$Builder.findDefaultExecutable(ChromeDriverService.java:137)
	at org.openqa.selenium.remote.service.DriverService$Builder.build(DriverService.java:330)
	at org.openqa.selenium.chrome.ChromeDriverService.createDefaultService(ChromeDriverService.java:88)
	at org.openqa.selenium.chrome.ChromeDriver.<init>(ChromeDriver.java:124)
	at com.example.tests.RegistroKOyaExiste.setUp(RegistroKOyaExiste.java:37)

testRegistroKOyaExiste(com.example.tests.RegistroKOyaExiste)  Time elapsed: 0 sec  <<< ERROR!
java.lang.NullPointerException: null
	at com.example.tests.RegistroKOyaExiste.tearDown(RegistroKOyaExiste.java:76)

